  Courses.cpp
D:\github\Project-KTLT-3T6H3N\Project KTLT HCMUS\Courses.cpp(22,12): warning C4267: 'argument': conversion from 'size_t' to 'int', possible loss of data
D:\github\Project-KTLT-3T6H3N\Project KTLT HCMUS\Courses.cpp(23,12): warning C4267: 'argument': conversion from 'size_t' to 'int', possible loss of data
D:\github\Project-KTLT-3T6H3N\Project KTLT HCMUS\Courses.cpp(49,88): warning C4267: 'argument': conversion from 'size_t' to 'int', possible loss of data
D:\github\Project-KTLT-3T6H3N\Project KTLT HCMUS\Courses.cpp(51,40): warning C4267: 'argument': conversion from 'size_t' to 'int', possible loss of data
D:\github\Project-KTLT-3T6H3N\Project KTLT HCMUS\Courses.cpp(74,64): warning C4267: 'argument': conversion from 'size_t' to 'int', possible loss of data
D:\github\Project-KTLT-3T6H3N\Project KTLT HCMUS\Courses.cpp(213,61): warning C4267: 'argument': conversion from 'size_t' to 'int', possible loss of data
D:\github\Project-KTLT-3T6H3N\Project KTLT HCMUS\Courses.cpp(214,64): warning C4267: 'argument': conversion from 'size_t' to 'int', possible loss of data
D:\github\Project-KTLT-3T6H3N\Project KTLT HCMUS\Courses.cpp(215,100): warning C4267: 'argument': conversion from 'size_t' to 'int', possible loss of data
D:\github\Project-KTLT-3T6H3N\Project KTLT HCMUS\Courses.cpp(215,63): warning C4267: 'argument': conversion from 'size_t' to 'int', possible loss of data
D:\github\Project-KTLT-3T6H3N\Project KTLT HCMUS\Courses.cpp(216,102): warning C4267: 'argument': conversion from 'size_t' to 'int', possible loss of data
D:\github\Project-KTLT-3T6H3N\Project KTLT HCMUS\Courses.cpp(216,64): warning C4267: 'argument': conversion from 'size_t' to 'int', possible loss of data
D:\github\Project-KTLT-3T6H3N\Project KTLT HCMUS\Courses.cpp(217,64): warning C4267: 'argument': conversion from 'size_t' to 'int', possible loss of data
D:\github\Project-KTLT-3T6H3N\Project KTLT HCMUS\Courses.cpp(218,72): warning C4267: 'argument': conversion from 'size_t' to 'int', possible loss of data
D:\github\Project-KTLT-3T6H3N\Project KTLT HCMUS\Courses.cpp(219,67): warning C4267: 'argument': conversion from 'size_t' to 'int', possible loss of data
D:\github\Project-KTLT-3T6H3N\Project KTLT HCMUS\Courses.cpp(225,48): warning C4838: conversion from 'size_t' to 'int' requires a narrowing conversion
D:\github\Project-KTLT-3T6H3N\Project KTLT HCMUS\Courses.cpp(225,48): warning C4267: 'initializing': conversion from 'size_t' to 'int', possible loss of data
D:\github\Project-KTLT-3T6H3N\Project KTLT HCMUS\Courses.cpp(226,38): warning C4838: conversion from 'size_t' to 'int' requires a narrowing conversion
D:\github\Project-KTLT-3T6H3N\Project KTLT HCMUS\Courses.cpp(226,38): warning C4267: 'initializing': conversion from 'size_t' to 'int', possible loss of data
D:\github\Project-KTLT-3T6H3N\Project KTLT HCMUS\Courses.cpp(227,38): warning C4838: conversion from 'size_t' to 'int' requires a narrowing conversion
D:\github\Project-KTLT-3T6H3N\Project KTLT HCMUS\Courses.cpp(227,38): warning C4267: 'initializing': conversion from 'size_t' to 'int', possible loss of data
D:\github\Project-KTLT-3T6H3N\Project KTLT HCMUS\Courses.cpp(228,39): warning C4838: conversion from 'size_t' to 'int' requires a narrowing conversion
D:\github\Project-KTLT-3T6H3N\Project KTLT HCMUS\Courses.cpp(228,39): warning C4267: 'initializing': conversion from 'size_t' to 'int', possible loss of data
D:\github\Project-KTLT-3T6H3N\Project KTLT HCMUS\Courses.cpp(229,38): warning C4838: conversion from 'size_t' to 'int' requires a narrowing conversion
D:\github\Project-KTLT-3T6H3N\Project KTLT HCMUS\Courses.cpp(229,38): warning C4267: 'initializing': conversion from 'size_t' to 'int', possible loss of data
D:\github\Project-KTLT-3T6H3N\Project KTLT HCMUS\Courses.cpp(230,45): warning C4838: conversion from 'size_t' to 'int' requires a narrowing conversion
D:\github\Project-KTLT-3T6H3N\Project KTLT HCMUS\Courses.cpp(230,45): warning C4267: 'initializing': conversion from 'size_t' to 'int', possible loss of data
D:\github\Project-KTLT-3T6H3N\Project KTLT HCMUS\Courses.cpp(231,40): warning C4838: conversion from 'size_t' to 'int' requires a narrowing conversion
D:\github\Project-KTLT-3T6H3N\Project KTLT HCMUS\Courses.cpp(231,40): warning C4267: 'initializing': conversion from 'size_t' to 'int', possible loss of data
D:\github\Project-KTLT-3T6H3N\Project KTLT HCMUS\Courses.cpp(273,31): warning C4267: '=': conversion from 'size_t' to 'int', possible loss of data
D:\github\Project-KTLT-3T6H3N\Project KTLT HCMUS\Courses.cpp(274,19): warning C4267: '=': conversion from 'size_t' to 'int', possible loss of data
D:\github\Project-KTLT-3T6H3N\Project KTLT HCMUS\Courses.cpp(367,46): warning C4267: 'argument': conversion from 'size_t' to 'int', possible loss of data
D:\github\Project-KTLT-3T6H3N\Project KTLT HCMUS\Courses.cpp(410,88): warning C4267: 'argument': conversion from 'size_t' to 'int', possible loss of data
D:\github\Project-KTLT-3T6H3N\Project KTLT HCMUS\Courses.cpp(412,40): warning C4267: 'argument': conversion from 'size_t' to 'int', possible loss of data
D:\github\Project-KTLT-3T6H3N\Project KTLT HCMUS\Courses.cpp(425,36): warning C4267: 'argument': conversion from 'size_t' to 'int', possible loss of data
D:\github\Project-KTLT-3T6H3N\Project KTLT HCMUS\Courses.cpp(731,42): warning C4267: 'argument': conversion from 'size_t' to 'int', possible loss of data
D:\github\Project-KTLT-3T6H3N\Project KTLT HCMUS\Courses.cpp(733,66): warning C4267: 'argument': conversion from 'size_t' to 'int', possible loss of data
D:\github\Project-KTLT-3T6H3N\Project KTLT HCMUS\Courses.cpp(741,42): warning C4267: 'argument': conversion from 'size_t' to 'int', possible loss of data
D:\github\Project-KTLT-3T6H3N\Project KTLT HCMUS\Courses.cpp(743,68): warning C4267: 'argument': conversion from 'size_t' to 'int', possible loss of data
D:\github\Project-KTLT-3T6H3N\Project KTLT HCMUS\Courses.cpp(751,42): warning C4267: 'argument': conversion from 'size_t' to 'int', possible loss of data
D:\github\Project-KTLT-3T6H3N\Project KTLT HCMUS\Courses.cpp(753,67): warning C4267: 'argument': conversion from 'size_t' to 'int', possible loss of data
D:\github\Project-KTLT-3T6H3N\Project KTLT HCMUS\Courses.cpp(761,42): warning C4267: 'argument': conversion from 'size_t' to 'int', possible loss of data
D:\github\Project-KTLT-3T6H3N\Project KTLT HCMUS\Courses.cpp(763,69): warning C4267: 'argument': conversion from 'size_t' to 'int', possible loss of data
D:\github\Project-KTLT-3T6H3N\Project KTLT HCMUS\Courses.cpp(771,42): warning C4267: 'argument': conversion from 'size_t' to 'int', possible loss of data
D:\github\Project-KTLT-3T6H3N\Project KTLT HCMUS\Courses.cpp(773,74): warning C4267: 'argument': conversion from 'size_t' to 'int', possible loss of data
D:\github\Project-KTLT-3T6H3N\Project KTLT HCMUS\Courses.cpp(781,42): warning C4267: 'argument': conversion from 'size_t' to 'int', possible loss of data
D:\github\Project-KTLT-3T6H3N\Project KTLT HCMUS\Courses.cpp(783,68): warning C4267: 'argument': conversion from 'size_t' to 'int', possible loss of data
D:\github\Project-KTLT-3T6H3N\Project KTLT HCMUS\Courses.cpp(676,6): warning C4101: 'optn': unreferenced local variable
D:\github\Project-KTLT-3T6H3N\Project KTLT HCMUS\Courses.cpp(1054,34): warning C4267: 'argument': conversion from 'size_t' to 'int', possible loss of data
D:\github\Project-KTLT-3T6H3N\Project KTLT HCMUS\Courses.cpp(1057,27): warning C4267: 'argument': conversion from 'size_t' to 'int', possible loss of data
D:\github\Project-KTLT-3T6H3N\Project KTLT HCMUS\Courses.cpp(1187,34): warning C4267: 'argument': conversion from 'size_t' to 'int', possible loss of data
D:\github\Project-KTLT-3T6H3N\Project KTLT HCMUS\Courses.cpp(1189,27): warning C4267: 'argument': conversion from 'size_t' to 'int', possible loss of data
  Project KTLT HCMUS.vcxproj -> D:\github\Project-KTLT-3T6H3N\Project KTLT HCMUS\x64\Debug\Project KTLT HCMUS.exe
